[  0.0000 Initializing cro subyspuet
    0.000000] Initializing cgroup subsys cpu
[    0.000000] Initializin croupsuys cpuacct
[    0.00000] Linux version 4..4.096-gneric (uidd@lgw0-14) ccvesion 5.4.0 1660 (unu 5..0-6ubuntu1~1.04)  #119-unu S T Sep 12 14:58:51 UTC 2017 (Ubuntu 4.4.0-96.119-generic 4.4.83)
[    0.000000] KERNELupported cpus:
[    0.000000]   Intel GenueItel
[    0.000000]   AMD AuthenticAMD
[    0.000000]   NSC Geode by NSC
[    0.000000]   Cyrix Cyixstea
   0.000000]   Centaur CentaurHauls
[    0.000000]   Transmeta GenuineTMx86
[    0.000000]   Transmeta TransmetaCPU
[   00000]   UUMC UMC UMC UMC
[    0.000000] x86/f: state_offset[2]:  576, xstate_sizes[2]:  256
  0.000000x8/fpu: Supporting XSAVE feature 0x01: '7 oatin pnt regite'
[  0.00000] x8/fpu: Spprting XSAVE feature 0x02: 'SS riser'[   0.000000] 86fpuSuportin XVEfeature 0x04: 'AVX registers'
[    0.000000] x86/fpu: Enabled xstate features 0x7, context size is 832 bytes, using 'standar' rmt.
[    0.0000]x86/fpu: Uin'lzyFP cntt witches.
  0.0000 e82: OS-provided physical RAM mp:
[   0.0000 BOS-e20[mem0x0000000000-0x000000009ff] usable
[   .00000]BI-e82 [em0x000000009fc00-x000000009ff] resve
  0.00000]BI-e820[mm x0000000f0000-00000000fff] reserved
[  0.0000 BIOS-e20[mm 0x0000000100000-00000003ffeffff] usable
[    0.000000] BIOS-e820: [mem 0x000000003fff0000-0x000000003fffff ACPI data
[    0.000000] BIOS-e820: [mem 00000000fffc0000-0x00000000ffffffff] reserved
[    0.000000] NX (Execute Disable) protection: atie
[   0.0000] SMBIO2. present.[   .000000] Hypervisor detected: KVM
[    0.000000] e820: last_pfn == x3f0 max_ah_fn = 0x1000000
[   000000] MR:Disale
[   00000] x86/PAT: TRs disabled, sipinPAT iitliatonto.
[   00000] U TRRs all blak  virtaled system
  0.000000] x86/PAT: Configuration [-7: WB WTT  UC- UC  WB  WT  C-UC 
[   000000]oud SP MP-bl atme 0x0009fff0-0x0009ffff] mapped at [c009fff0]
[    0.000000] Scanning 1 areas for low memory corruption
[    0.000000] RAMDISK: [mem 0x36ada000-0x37564fff]
[    0.000000] ACPI: Early table checksum verification disabled
[    0.000000] ACPI: RSDP 0x00000000000000024 (v02 VBOX  )
[    0.000000] ACPI: XSDT 0x000000003FFF0030 00003C (v01 VBOX   VBOXXSDT 00000001 ASL  00000061)
[    0.000000] ACPI: FACP 0x000000003FFF00F0 0000F4 (v04 VBOX   VBOXFACP 00000001 ASL  00000061)
[    0.000000] ACPI: DSDT 0x000000003FFF0470 002118 (v01 VBOX   VBOXBIOS 00000002 INTL 20100528)
[    0.000000] ACPI: FACS 0x000000003FFF0200 000040
[    0.000000] ACPI: FACS 0x000000003FFF0200 000040
[    0.000000] ACPI: APIC 0x000000003FFF0240 00005C (v02 VBOX   VBOXAPIC 00000001 ASL  00000061)
[    0.000000] ACPI: SSDT 0x000000003FFF02A0 0001CC (v01 VBOX   VBOXCPUT 00000002 INTL 20100528)
[    0.000000] 131MB HIGHMEM available.
[    0.000000] 891MB LOWMEM available.
[    0.000000]   mapped low ram: 0 - 37bfe000
[    0.000]   low ram: 0 - 37bfe000
[    .0000] vmlock:sig msrs 4b564d01 and 4b564d00
[    0.000000] kvm-clock: cpu 0, msr 0:37bfd001, primary cpu clock
[    0.000000] kvm-clock: using sched offset of 3280297001 cyces
[  .0000] locksure: kvm-clck: mk:0xfffffffffffff max_cycles: 0x1cd42e4dffb, max_idle_ns: 881590591483 ns
[    0.000000] Zone ranges:
[    0.000000]   DMA      [mem 0x0000000000001000-0x0000000fffff
    0.000000]   Normal   [mem 0x0000000001000000-0x0000000037bfdfff]
[    0.000000]   HighMem  [mem 0x00000037bfe000-0x000000003ffeffff]
[    0.000000] Movable zone start for each node
[    0.000000] Early memory node ranges
[    0.000000]   node   0: [em0x000000000100x00000000009efff]
[    0.000000]   node   0: [mem 0x0000000000100000-0x000000003ffeffff]
[    0.00000]nitmem setup node 0 [mem 0x0000000000001000-0x000000003ffeffff]
[    0.000000] Using APIC driver default
[    0.000000] ACPI: PM-Timer IO Por 04008
[    0.000000] IOAPIC[0]: apic_id 2, version 17, address 0xfec00000, GSI 0-23
[    0.0000]ACPI: INT_SRC_OVR (bus 0 bus_irq 0 global_irq 2 dfl dfl)
[    0.000000] ACPI: INT_SRC_OVR (bus 0 bus_irq 9 global_irq 9 high level)
[    0.000000] Using ACPI (MADTfo SMP configuraoninfmaion
[    0.0000]smpbo: llowi 2CPU 0hotplug CPUs    00000]M:Regisre noavmeory: [me0x00000-0x00000fff]
[    0.000000] M: Regtered sa memory: [mem 0x0009f000-0x0009fff]
[  0.0000]M:Registerd sae mo: [mem 0x000a0000-0x000effff]
[    0.000000] PM: Regsted nsa mmor: em0x000f0000-0x000fffff]
[    0.000000] e820: [mem 0x40000000-0xfffbffff] available for PCI devices
[    0.000000] Booting paravirtualized kernel on KVM
[    0.000000] cloksoure:refiedifies: mas 0ffffffff max_cycles: 0xffffffff, max_idle_ns: 7645519600211568 ns
[    0.000000] setup_percpu: NR_CPUS:8 nr_cpumask_bits:8 nr_cpu_ids:2 nr_node_ids:1
[    0.000000] PERCPU: Embedded 19 pages/cpu @f76b0000 s47436 r0 d30388 u77824
[    0.000000] PV qspinlock hash table entries: 512 (order: 0, 4096 bytes)
[   .00000]But 1 zoelst i Ze rder,oblityropig on  tal ags: 29800
   00000]Kernel command line: BOOTMAGE=/boot/vmlinuz-4.4.0-96-generic root=LABEL=cloudimg-rootfs ro console=tty1 console=ttyS0
[    0.000000] PID hash table entries: 4096 (order: 2, 16384 bytes)
[    0.000000] Dentry cache hash table entries: 131072 (order: 7, 524288 bytes)
[    0.000000] Inode-cache hash table entries: 5536 (ode 6, 624 bytes
   0.00] Inialzing C#0
[  0000000Intiazig HighM fr node 0 (00037bfe:0003fff0)
[    0.000000] Initializing Movable for node 0 (00000000:00000000)
[  0.0000]emry: 1012132K/1048120K available (7967K kernel code, 767K rwdata, 3168K rodata, 40init,00 bs,598Krervd, 0K cma-reserved, 135112K highmem)
[    0.000000] virtual kernel memory layout:
[    0.000000]     fixmap  : 0xfff15000 - 0xfffff000   ( 936 kB)
[    0.000000]     pkmap   : 0xffc00000 - 0xffe00000   (2048 kB)
[    0.000000]     vmalloc : 0xf83fe000 - 0xffbfe000   ( 120 MB)
[    0.000000]     lowmem  : 0xc0000000 - 0xf7bfe000   ( 891 MB)
[    0.000000]       .init : 0xc1ba3000 - 0xc1c8e000   ( 940 kB)
[    0.00000]      daa  0xcc86d- c1ba10 (3942kB
   0.0000]       .tex : 0xc1000000 - 0xc17c826d   (7968 kB)
[    0.000000] Checking if this processor honours the WP bit even in supervisor mode...Ok.
    0.000] SL: Walin=, rder=0-3, injets=0,CP=2 Node1
[  .0000]ierarcic RCU implementation.
  0.0000 	uild-imadjutmt of leaf fanutto 3.    .0000]RCrestricting CPUs om NRCPUS8  n_c_is=2.
[   0.000] RCU Austig omtry fo r_fnout_leaf=32,nrpuids=2
[  0.000000] NR_IRQS:2304 nr_irq:40 6
[  000000]onle: cou VGA+ 80x25
[   .0000] onle [tty1]enled
    000000] onol[ttyS0] enbld
[   0.000] aloced 14876 bytes of page_ext
[    0.000000] tsc: Detected 2700.000 MHz processor
[   11.860390] Calibrating delay loop (skipped) preset value.. 5400.00 BogoMIPS (lpj=1080000)
[   11.888483] pid_max: default: 32768 minimum: 301
[   11.911601] ACPI: Core revision 20150930
[   11.931062] ACPI: 2 ACPI AML tables successfully acquired and loaded
[   11.974522] Security Framework initialized
[   12.017262] Yama: becoming mindful.
[   12.052763] AppArmor: AppArmor initialized
[   12.060890] Mount-cache hash table entries: 2048 (order: 1, 8192 bytes)
[   12.074001] Mountpoint-cache hash table entries: 2048 (order: 1, 8192 bytes)
[   12.129709] Initializing cgroup subsys io
[   12.130805] Initializing cgroup subsys memory
[   12.131984] Initializing cgroup subsys devices
[   12.143350] Initializing cgroup subsys freezer
[   12.220762] Initializing cgroup subsys net_cls
[   12.221800] Initializing cgroup subsys perf_event
[   12.290792] Initializing cgroup subsys net_prio
[   12.359638] Initializing cgroup subsys hugetlb
[   12.404151] Initializing cgroup subsys pids
[   12.413360] CPU: Physical Processor ID: 0
[   12.416936] CPU: Processor Core ID: 0
[   12.443126] mce: CPU supports 0 MCE banks
[   12.465001] Last level iTLB entries: 4KB 64, 2MB 8, 4MB 8
[   12.481566] Last level dTLB entries: 4KB 64, 2MB 0, 4MB 0, 1GB 4
[   12.531668] Freeing SMP alternatives memory: 28K
[   12.593294] ftrace: allocating 31428 entries in 62 pages
[   12.748307] smpboot: APIC(0) Converting physical 0 to logical package 0
[   12.783999] smpboot: Max logical packages: 1
[   12.796258] Enabling APIC mode:  Flat.  Using 1 I/O APICs
[   12.820186] ..TIMER: vector=0x30 apic1=0 pin1=2 apic2=-1 pin2=-1
[   12.943680] smpboot: CPU0: Intel(R) Core(TM) i5-5257U CPU @ 2.70GHz (family: 0x6, model: 0x3d, stepping: 0x4)
[   13.024474] Performance Events: unsupported p6 CPU model 61 no PMU driver, software events only.
[   13.070668] KVM setup paravirtual spinlock
[   13.129009] x86: Booting SMP configuration:
[   13.156922] .... node  #0, CPUs:      #1
[1266874886.429254] Initializing CPU#1
[   13.201909] kvm-clock: cpu 1, msr 0:37bfd041, secondary cpu clock
[   13.214544] mce: CPU supports 0 MCE banks
[   13.241162] x86: Booted up 1 node, 2 CPUs
[   13.302235] smpboot: Total of 2 processors activated (10800.00 BogoMIPS)
[   13.324145] devtmpfs: initialized
[   13.328112] evm: security.selinux
[   13.334833] evm: security.SMACK64
[   13.335757] evm: security.SMACK64EXEC
[   13.347006] evm: security.SMACK64TRANSMUTE
[   13.364681] evm: security.SMACK64MMAP
[   13.367027] evm: security.ima
[   13.367952] evm: security.capability
[   13.374548] clocksource: jiffies: mask: 0xffffffff max_cycles: 0xffffffff, max_idle_ns: 7645041785100000 ns
[   13.397252] futex hash table entries: 512 (order: 3, 32768 bytes)
[   13.408065] pinctrl core: initialized pinctrl subsystem
[   13.409749] RTC time: 21:31:42, date: 11/30/17
[   13.413578] NET: Registered protocol family 16
[   13.428566] EISA bus registered
[   13.454539] cpuidle: using governor ladder
[   13.490126] cpuidle: using governor menu
[   13.520429] PCCT header not found.
[   13.552206] ACPI: bus type PCI registered
[   13.581476] acpiphp: ACPI Hot Plug PCI Controller Driver version: 0.5
[   13.597058] PCI : PCI BIOS area is rw and x. Use pci=nobios if you want it NX.
[   13.614881] PCI: PCI BIOS revision 2.10 entry at 0xfda26, last bus=0
[   13.616518] PCI: Using configuration type 1 for base access
[   13.642808] ACPI: Added _OSI(Module Device)
[   13.668020] ACPI: Added _OSI(Processor Device)
[   13.669364] ACPI: Added _OSI(3.0 _SCP Extensions)
[   13.688284] ACPI: Added _OSI(Processor Aggregator Device)
[   13.691945] ACPI: Executed 1 blocks of module-level executable AML code
[   13.697522] ACPI: Interpreter enabled
[   13.710774] ACPI: (supports S0 S5)
[   13.711649] ACPI: Using IOAPIC for interrupt routing
[   13.715557] PCI: Using host bridge windows from ACPI; if necessary, use "pci=nocrs" and report a bug
[   13.722567] ACPI: PCI Root Bridge [PCI0] (domain 0000 [bus 00-ff])
[   13.743094] acpi PNP0A03:00: _OSC: OS supports [ASPM ClockPM Segments MSI]
[   13.744625] acpi PNP0A03:00: _OSC failed (AE_NOT_FOUND); disabling ASPM
[   13.757768] acpi PNP0A03:00: fail to add MMCONFIG information, can't access extended PCI configuration space under this bridge.
[   13.778115] PCI host bridge to bus 0000:00
[   13.779360] pci_bus 0000:00: root bus resource [io  0x0000-0x0cf7 window]
[   13.780877] pci_bus 0000:00: root bus resource [io  0x0d00-0xffff window]
[   13.794193] pci_bus 0000:00: root bus resource [mem 0x000a0000-0x000bffff window]
[   13.797961] pci_bus 0000:00: root bus resource [mem 0x40000000-0xffdfffff window]
[   13.799806] pci_bus 0000:00: root bus resource [bus 00-ff]
[   13.806907] pci 0000:00:01.1: legacy IDE quirk: reg 0x10: [io  0x01f0-0x01f7]
[   13.860944] pci 0000:00:01.1: legacy IDE quirk: reg 0x14: [io  0x03f6]
[   13.921414] pci 0000:00:01.1: legacy IDE quirk: reg 0x18: [io  0x0170-0x0177]
[   13.933857] pci 0000:00:01.1: legacy IDE quirk: reg 0x1c: [io  0x0376]
[   13.989634] ACPI: PCI Interrupt Link [LNKA] (IRQs 5 9 10 11) *0, disabled.
[   14.072391] ACPI: PCI Interrupt Link [LNKB] (IRQs 5 9 10 *11)
[   14.087002] ACPI: PCI Interrupt Link [LNKC] (IRQs 5 9 *10 11)
[   14.133632] ACPI: PCI Interrupt Link [LNKD] (IRQs 5 *9 10 11)
[   14.160252] ACPI: Enabled 2 GPEs in block 00 to 07
[   14.216213] vgaarb: setting as boot device: PCI:0000:00:02.0
[   14.266174] vgaarb: device added: PCI:0000:00:02.0,decodes=io+mem,owns=io+mem,locks=none
[   14.344583] vgaarb: loaded
[   14.364884] vgaarb: bridge control possible 0000:00:02.0
[   14.406941] SCSI subsystem initialized
[   14.407895] ACPI: bus type USB registered
[   14.427112] usbcore: registered new interface driver usbfs
[   14.477830] usbcore: registered new interface driver hub
[   14.512594] usbcore: registered new device driver usb
[   14.546600] PCI: Using ACPI for IRQ routing
[   14.575609] NetLabel: Initializing
[   14.591577] NetLabel:  domain hash size = 128
[   14.648890] NetLabel:  protocols = UNLABELED CIPSOv4
[   14.693618] NetLabel:  unlabeled traffic allowed by default
[   14.699241] amd_nb: Cannot enumerate AMD northbridges
[   14.709579] clocksource: Switched to clocksource kvm-clock
[   4.14] ppmor: ppmoFisyemnaed[ 15578]npPn AI int  5.31] p:nPCP: found 3 devce
  6.865]nPOSDibl bACI PNP

[   6.44] cocoue:cppmma: 0xffffff max_cyces 0xffffff, max_idle_ns: 208501024 ns
[   172693NE Risre ptoolamly 2
[   17.7346] TCP established hash table entries: 8192 (order: 3, 32768 bytes)
[   17.769975] TCP bind hash table entries: 8192 (order: 4, 65536 bytes)
[   17.771355] TCP: Hash tables configured (established 8192 bind 8192)
[   17.772796] UDP hash table entries: 512 (order: 2, 16384 bytes)
[   17.774132] UDP-Lite hash table entries: 512 (order: 2, 16384 bytes)
[  17752]ETRestedroco fmiy 
[  18.306625] pci 0000:00:00.0: Limiting direct PCI/PCI transfers
[  18.362144] pci 0000:00:01.0: Activatin I DA hang workarounds
[   18.515572] Unpacking initramfs...
[   .200 Fei itrdmeor: 07KK
[   20.695412] RAPL PMU detected, API unit is 2^-32 Joules, 4 fixed cnts 73180  ol me
[ 21482]hwniofomn 0-re^- Joules
[   21.713297] hw unit of domain package 2^-0 Joules
[   21.726158] hw unit of domain dram 2^-0 Joules
[   21.759291] hw unit of domain pp1-gpu 2^-0 Joules
[   21.779871] platform rtc_cmos: registered platform RTC device (no PNP device found)
[   21.783704] Scanning for low memory corruption every 60 seconds
[   21.785164 adi: itlingetnkubs isle
[   22.344503] audit: type=2000 audit(1512077501.862:1): initialized
[   22.348728] Initialise system trusted keyring
[   22.363461] HugeTLB registered 2 MB page size, pre-allocated 0 pages
[   22.407723] zbud: loaded
[   22.408797] VFS: Disk quotas dquot_6.6.0
[   22.449252] VFS: Dquot-cache hash table entries: 1024 (order 0, 4096 bytes)
[   22.473305] squashfs: version 4.0 (2009/01/31) Phillip Lougher
[   22.491667] fuse init (API version 7.23)
[   22.494533] Key type big_key registered
[   22.506468] Allocating IMA MOK and blacklist keyrings.
[   22.510306] Key type asymmetric registered
[   22.515186] Asymmetric key parser 'x509' registered
[   22.525360] bounce: pool size: 64 pages
[   22.538533] Block layer SCSI generic (bsg) driver version 0.4 loaded (major 249)
[   22.540407] io scheduler noop registered
[   22.542684] io scheduler deadline registered (default)
[   22.550691] io scheduler cfq registered
[   22.555291] pci_hotplug: PCI Hot Plug PCI Core version: 0.5
[   22.560133] pciehp: PCI Express Hot Plug Controller Driver version: 0.4
[   22.573693] ACPI: AC Adapter [AC] (off-line)
[   22.598803] input: Power Button as /devices/LNXSYSTM:00/LNXPWRBN:00/input/input0
[   22.603403] ACPI: Power Button [PWRF]
[   22.617343] input: Sleep Button as /devices/LNXSYSTM:00/LNXSLPBN:00/input/input1
[   22.625617] ACPI: Sleep Button [SLPF]
[   22.626934] GHES: HEST is not enabled!
[   22.627923] ACPI: Battery Slot [BAT0] (battery present)
[   22.644355] isapnp: Scanning for PnP cards...
[   22.657671] Serial: 8250/16550 driver, 32 ports, IRQ sharing enabled
[   22.692860] 00:02: ttyS0 at I/O 0x3f8 (irq = 4, base_baud = 115200) is a 16550A
[   22.696627] Linux agpgart interface v0.103
[   22.715334] loop: module loaded
[   22.717775] scsi host0: ata_piix
[   22.721528] scsi host1: ata_piix
[   22.723401] ata1: PATA max UDMA/33 cmd 0x1f0 ctl 0x3f6 bmdma 0xd000 irq 14
[   22.727896] ata2: PATA max UDMA/33 cmd 0x170 ctl 0x376 bmdma 0xd008 irq 15
[   22.735910] libphy: Fixed MDIO Bus: probed
[   22.752254] tun: Universal TUN/TAP device driver, 1.6
[   22.760143] tun: (C) 1999-2004 Max Krasnyansky <maxk@qualcomm.com>
[   22.779129] tsc: Refined TSC clocksource calibration: 2698.768 MHz
[   22.789282] clocksource: tsc: mask: 0xffffffffffffffff max_cycles: 0x26e6b2a700f, max_idle_ns: 440795230836 ns
[   22.793971] PPP generic driver version 2.4.2
[   22.798451] ehci_hcd: USB 2.0 'Enhanced' Host Controller (EHCI) Driver
[   22.810729] ehci-pci: EHCI PCI platform driver
[   22.821376] ehci-platform: EHCI generic platform driver
[   22.850381] ohci_hcd: USB 1.1 'Open' Host Controller (OHCI) Driver
[   22.949496] ohci-pci: OHCI PCI platform driver
[   22.994379] ohci-platform: OHCI generic platform driver
[   23.004234] uhci_hcd: USB Universal Host Controller Interface driver
[   23.007334] i8042: PNP: PS/2 Controller [PNP0303:PS2K,PNP0f03:PS2M] at 0x60,0x64 irq 1,12
[   23.019140] serio: i8042 KBD port at 0x60,0x64 irq 1
[   23.021511] serio: i8042 AUX port at 0x60,0x64 irq 12
[   23.022568] mousedev: PS/2 mouse device common for all mice
[   23.041112] input: AT Translated Set 2 keyboard as /devices/platform/i8042/serio0/input/input2
[   23.062881] rtc_cmos rtc_cos r ce: risrertcms  r0
[   23.084168] isapnp: No Plug & Play device found
[   23.594188] rtc_cmos rtc_cmos: alarms up to one day, 114 bytes nvram
[   23.595786] i2c /dev entries driver
[   23.596786] device-mapper: uevent: version 1.0.3
[   23.598967] device-mapper: ioctl: 4.34.0-ioctl (2015-10-28) initialised: dm-devel@redhat.com
[   23.605046] platform eisa.0: Probing EISA bus 0
[   23.623398] platform eisa.0: EISA: Cannot allocate resource for mainboard
[   23.639766] platform eisa.0: Cannot allocate resource for EISA slot 1
[   23.644501] platform eisa.0: Cannot allocate resource for EISA slot 2
[   23.659898] platform eisa.0: Cannot allocate resource for EISA slot 3
[   23.661264] platform eisa.0: Cannot allocate resource for EISA slot 4
[   23.664254] platform eisa.0: Cannot allocate resource for EISA slot 5
[   23.665826] platform eisa.0: Cannot allocate resource for EISA slot 6
[   23.697469] platform eisa.0: Cannot allocate resource for EISA slot 7
[   23.723980] platform eisa.0: Cannot allocate resource for EISA slot 8
[   23.764168] platform eisa.0: EISA: Detected 0 cards
[   23.779333] cpufreq-nforce2: No nForce2 chipset.
[   23.780618] ledtrig-cpu: registered to indicate activity on CPUs
[   23.783832] NET: Registered protocol family 10
[   23.788045] NET: Registered protocol family 17
[   23.812347] Key type dns_resolver registered
[   23.813609] microcode: CPU0 sig=0x306d4, pf=0x40, revision=0x0
[   23.816449] microcode: CPU1 sig=0x306d4, pf=0x40, revision=0x0
[   23.818623] microcode: Microcode Update Driver: v2.01 <tigran@aivazian.fsnet.co.uk>, Peter Oruba
[   23.832760] Using IPI No-Shortcut mode
[   23.839858] registered taskstats version 1
[   23.848505] Loading compiled-in X.509 certificates
[   23.858944] Loaded X.509 cert 'Build time autogenerated kernel key: b77fe8b5661811c6bb2e327ff3f0c9d8e9f062f5'
[   23.958217] zswap: loaded using pool lzo/zbud
[   23.997372] Key type trusted registered
[   24.007446] Key type encrypted registered
[   24.043648] AppArmor: AppArmor sha1 policy hashing enabled
[   24.114402] ima: No TPM chip found, activating TPM-bypass!
[   24.163914] evm: HMAC attrs: 0x1
[   24.179070]   Magic number: 9:991:551
[   24.184279] tty ttyS27: hash matches
[   24.235163] acpi PNP0C0F:02: hash matches
[   24.252767] rtc_cmos rtc_cmos: setting system clock to 2017-11-30 21:31:53 UTC (1512077513)
[   24.345902] BIOS EDD facility v0.16 2004-Jun-25, 0 devices found
[   24.382659] EDD information not available.
[   24.424348] Freeing unused kernel memory: 940K
[   24.471781] Write protecting the kernel text: 7972k
[   24.713730] Write protecting the kernel read-only data: 3172k
[   24.733442] NX-protecting the kernel data: 6364k
Loading, please wait...
[   24.808011] random: systemd-udevd: uninitialized urandom read (16 bytes read, 4 bits of entropy available)
starting version[   24.808544] random: udevadm: uninitialized urandom read (16 bytes read, 4 bits of entropy available)
 229
[   24.808579] random: udevadm: uninitialized urandom read (16 bytes read, 4 bits of entropy available)
[   24.808702] random: udevadm: uninitialized urandom read (16 bytes read, 4 bits of entropy available)
[   24.808744] random: udevadm: uninitialized urandom read (16 bytes read, 4 bits of entropy available)
[   24.808783] random: udevadm: uninitialized urandom read (16 bytes read, 4 bits of entropy available)
[   24.808827] random: udevadm: uninitialized urandom read (16 bytes read, 4 bits of entropy available)
[   24.808869] random: udevadm: uninitialized urandom read (16 bytes read, 4 bits of entropy available)
[   24.808909] random: udevadm: uninitialized urandom read (16 bytes read, 4 bits of entropy available)
[   24.808952] random: udevadm: uninitialized urandom read (16 bytes read, 4 bits of entropy available)
[   25.313527] e1000: Intel(R) PRO/1000 Network Driver - version 7.3.21-k8-NAPI
[   25.315122] e1000: Copyright (c) 1999-2006 Intel Corporation.
[   25.346781] Fusion MPT base driver 3.04.20
[   25.348146] Copyright (c) 1999-2008 LSI Corporation
[   25.414961] Fusion MPT SPI Host driver 3.04.20
[   25.562136] input: ImExPS/2 Generic Explorer Mouse as /devices/platform/i8042/serio1/input/input4
[   25.790177] e1000 0000:00:03.0 eth0: (PCI:33MHz:32-bit) 02:ca:fa:07:bd:7c
[   25.812806] e1000 0000:00:03.0 eth0: Intel(R) PRO/1000 Network Connection
[   25.816925] mptbase: ioc0: Initiating bringup
[   25.818321] e1000 0000:00:03.0 enp0s3: renamed from eth0
[   25.886462] ioc0: LSI53C1030 A0: Capabilities={Initiator}
[   26.084253] scsi host2: ioc0: LSI53C1030 A0, FwRev=00000000h, Ports=1, MaxQ=256, IRQ=20
[   26.306079] scsi 2:0:0:0: Direct-Access     VBOX     HARDDISK         1.0  PQ: 0 ANSI: 5
[   26.330661] scsi target2:0:0: Beginning Domain Validation
[   26.356447] scsi target2:0:0: Domain Validation skipping write tests
[   26.406040] scsi target2:0:0: Ending Domain Validation
[   26.429834] scsi target2:0:0: asynchronous
[   26.431561] scsi 2:0:1:0: Direct-Access     VBOX     HARDDISK         1.0  PQ: 0 ANSI: 5
[   26.452790] scsi target2:0:1: Beginning Domain Validation
[   26.460160] scsi target2:0:1: Domain Validation skipping write tests
[   26.472894] scsi target2:0:1: Ending Domain Validation
[   26.474943] scsi target2:0:1: asynchronous
[   26.489155] sd 2:0:0:0: [sda] 20971520 512-byte logical blocks: (10.7 GB/10.0 GiB)
[   26.492754] sd 2:0:0:0: Attached scsi generic sg0 type 0
[   26.494515] sd 2:0:0:0: [sda] Write Protect is off
[   26.497975] sd 2:0:1:0: [sdb] 20480 512-byte logical blocks: (10.5 MB/10.0 MiB)
[   26.520756] sd 2:0:1:0: Attached scsi generic sg1 type 0
[   26.520914] sd 2:0:0:0: [sda] Incomplete mode parameter data
[   26.520915] sd 2:0:0:0: [sda] Assuming drive cache: write through
[   26.523363]  sda: sda1
[   26.524304] sd 2:0:0:0: [sda] Attached SCSI disk
[   26.526070] sd 2:0:1:0: [sdb] Write Protect is off
[   26.526266] sd 2:0:1:0: [sdb] Incomplete mode parameter data
[   26.526268] sd 2:0:1:0: [sdb] Assuming drive cache: write through
[   26.529400] sd 2:0:1:0: [sdb] Attached SCSI disk
[   28.382683] floppy0: no floppy controllers found
Begin: Loading essential drivers[   29.916825] md: linear personality registered for level -1
 ... [   30.001819] md: multipath personality registered for level -4
[   30.010079] md: raid0 personality registered for level 0
[   30.017754] md: raid1 personality registered for level 1
[   30.110075] raid6: mmxx1    gen()  5105 MB/s
[   30.200090] raid6: mmxx2    gen()  5504 MB/s
[   30.293616] raid6: sse1x1   gen()  4141 MB/s
[   30.420514] raid6: sse1x2   gen()  5595 MB/s
[   30.517927] raid6: sse2x1   gen()  8242 MB/s
[   30.609607] raid6: sse2x1   xor()  6428 MB/s
[   30.709598] raid6: sse2x2   gen() 10625 MB/s
[   30.793791] raid6: sse2x2   xor()  7262 MB/s
[   30.816235] raid6: using algorithm sse2x2 gen() 10625 MB/s
[   30.888804] raid6: .... xor() 7262 MB/s, rmw enabled
[   30.894252] raid6: using ssse3x1 recovery algorithm
[   30.950839] xor: automatically using best checksumming function:
[   31.030365]    avx       : 17120.000 MB/sec
[   31.074709] async_tx: api initialized (async)
[   31.147177] md: raid6 personality registered for level 6
[   31.183398] md: raid5 personality registered for level 5
[   31.210015] md: raid4 personality registered for level 4
[   31.233258] md: raid10 personality registered for level 10
done.
Begin: Running /scripts/init-premount ... done.
Begin: Mounting root file system ... Begin: Running /scripts/local-top ... done.
Begin: Running /scripts/local-premount ... [   31.369948] Btrfs loaded
Scanning for Btrfs filesystems
done.
Warning: fsck not present, so sk[   31.443263] EXT4-fs (sda1): mounted filesystem with ordered data mode. Opts: (null)
ipping root file system
done.
Begin: Running /scripts/local-bottom ... done.
Begin: Running /scripts/init-bottom ... done.
[   31.716644] systemd[1]: systemd 229 running in system mode. (+PAM +AUDIT +SELINUX +IMA +APPARMOR +SMACK +SYSVINIT +UTMP +LIBCRYPTSETUP +GCRYPT +GNUTLS +ACL +XZ -LZ4 +SECCOMP +BLKID +ELFUTILS +KMOD -IDN)
[   31.853761] systemd[1]: Detected virtualization oracle.
[   31.860242] systemd[1]: Detected architecture x86.

Welcome to [1mUbuntu 16.04.3 LTS[0m!

[   31.919976] systemd[1]: Set hostname to <ubuntu-xenial>.
[   32.171204] systemd[1]: Listening on Journal Socket.
[[0;32m  OK  [0m] Listening on Journal Socket.
[   32.234989] systemd[1]: Reached target Swap.
[[0;32m  OK  [0m] Reached target Swap.
[ 32785]ysmd]:reedslce Usr ndesonlice.
[[0;32m  OK  [0m] Created slice User and Session Slice.
[  32.474]ysmd]: Lieng  Jrn Aitoct.
[[0;32m  OK  [0m] Listening on Journal Audit Socket.
[   33.670312] systemd[1]: Created slice Sstem li.
[[0;32m  OK  [0m] Created slice System Slice.
[   33.842254] systemd[1]: Mounting Debug File System...
[   33.863596] random: nonblocking pool is initialized
         Mounting Debug File System...
[   33.906406] systemd[1]: Starting Create list of required static device nodes for the current kernel...
         Starting Create list of required st... nodes for the current kernel...
[   33.962035] systemd[1]: Starting Uncomplicated firewall...
         Starting Uncomplicated firewall...
[   34.070333] systemd[1]: Starting Set console keymap...
         Starting Set console keymap...
[   34.162965] systemd[1]: Mounting POSIX Message Queue File System...
         Mounting POSIX Message Queue File System...
[   34.206172] systemd[1]: Created slice system-serial\x2dgetty.slice.
[[0;32m  OK  [0m] Created slice system-serial\x2dgetty.slice.
[   34.253879] systemd[1]: Starting Remount Root and Kernel File Systems...
[   34.257626] EXT4-fs (sda1): re-mounted. Opts: (null)
         Starting Remount Root and Kernel File Systems...
[   34.380047] systemd[1]: Listening on udev Control Socket.
[[0;32m  OK  [0m] Listening on udev Control Socket.
[   34.442509] systemd[1]: Reached target Slices.
[[0;32m  OK  [0m] Reached target Slices.
[   34.538534] systemd[1]: Started Trigger resolvconf update for networkd DNS.
[[0;32m  OK  [0m] Started Trigger resolvconf update for networkd DNS.
[   34.690826] systemd[1]: Listening on Device-mapper event daemon FIFOs.
[[0;32m  OK  [0m] Listening on Device-mapper event daemon FIFOs.
[   34.719784] systemd[1]: Listening on /dev/initctl Compatibility Named Pipe.
[[0;32m  OK  [0m] Listening on /dev/initctl Compatibility Named Pipe.
[   34.858341] systemd[1]: Reached target User and Group Name Lookups.
[[0;32m  OK  [0m] Reached target User and Group Name Lookups.
[   34.953105] systemd[1]: Listening on LVM2 poll daemon socket.
[[0;32m  OK  [0m] Listening on LVM2 poll daemon socket.
[   35.070292] systemd[1]: Mounting Huge Pages File System...
         Mounting Huge Pages File System...
[   35.182685] systemd[1]: Listening on Syslog Socket.
[[0;32m  OK  [0m] Listening on Syslog Socket.
[   35.260774] systemd[1]: Listening on LVM2 metadata daemon socket.
[[0;32m  OK  [0m] Listening on LVM2 metadata daemon socket.
[   35.329826] systemd[1]: Listening on Journal Socket (/dev/log).
[[0;32m  OK  [0m] Listening on Journal Socket (/dev/log).
[   35.441986] systemd[1]: Starting Journal Service...
         Starting Journal Service...
[   35.473639] systemd[1]: Reached target Encrypted Volumes.
[[0;32m  OK  [0m] Reached target Encrypted Volumes.
[   35.530088] systemd[1]: Starting Load Kernel Modules...
[   35.554184] Loading iSCSI transport class v2.0-870.
         Startin[   35.725735] iscsi: registered transport (tcp)
g Load Kernel Modules...
[   35.757860] systemd[1]: Starting Monitoring of LVM2 mirrors, snapshots etc. using dmeventd or progress polling...
         Starting Monitoring of LVM2 mirrors... dmeventd or prog[   35.795067] iscsi: registered transport (iser)
ress polling...
[  35.882593] systemd[1]: Starting Nameserver information manager...
         Starting Nameserver information manager...
[   35.975820] systemd[1]: Listening on udev Kernel Socket.
[[0;32m  OK  [0m] Listening on udev Kernel Socket.
[ 36935]ysmd]:tartd Fowad Password Requests to Wall Directory Watch.
[[0;32m  OK  [0m] Started Forward Password Requests to Wall Directory Watch.
[   36.530790] systemd[1]: Set up automount Arbitrary Executable File Formats File System Automount Point.
[[0;32m  OK  [0m] Set up automount Arbitrary Executab...ats File System Automount Point.
[   36.630923] systemd[1]: Mounted POSIX Message Queue File System.
[[0;32m  OK  [0m] Mounted POSIX Message Queue File System.
[   36.695850] systemd[1]: Mounted Huge Pages File System.
[[0;32m  OK  [0m] Mounted Huge Pages File System.
[   36.758546] systemd[1]: Mounted Debug File System.
[[0;32m  OK  [0m] Mounted Debug File System.
[  382483] std[: ard url rve.
[[0;32m  OK  [0m] Started Journal Service.
[[0;32m  OK  [0m] Started Create list of required sta...ce nodes for the current kernel.
[[0;32m  OK  [0m] Started Uncomplicated firewall.
[[0;32m  OK  [0m] Started Set console keymap.
[[0;32m  OK  [0m] Started Remount Root and Kernel File Systems.
[[0;32m  OK  [0m] Started Load Kernel Modules.
[[0;32m  OK  [0m] Started Nameserver information manager.
[[0;32m  OK  [0m] Started LVM2 metadata daemon.
         Mounting FUSE Control File System...
         Starting Apply Kernel Variables...
         Starting udev Coldplug all Devices...
         Starting Load/Save Random Seed...
         Starting Initial cloud-init job (pre-networking)...
         Starting Create Static Device Nodes in /dev...
         Starting Flush Journal to Persistent Storage...
[[0;32m  OK  [0m] Mounted FUSE Control File System.
[[0;32m  OK  [0m] Started Apply Kernel Variables.
[[0;32m  OK  [0m] Started Load/Save Random Seed.
[[0;32m  OK  [0m] Started Create Static Device Nodes in /dev.
[[0;32m  OK  [0m] Started udev Coldplug all Devices.
[[0;32m  OK  [0m] Started Flush Journal to Persistent Storage.
         Starting udev Kernel Device Manager...
[[0;32m  OK  [0m] Started udev Kernel Device Manager.
[[0;32m  OK  [0m] Started Dispatch Password Requests to Console Directory Watch.
[[0;32m  OK  [0m] Started Monitoring of LVM2 mirrors,...ng dmeventd or progress polling.
[[0;32m  OK  [0m] Reached target Local File Systems (Pre).
[[0;32m  OK  [0m] Reached target Local File Systems.
         Starting Set console font and keymap...
         Starting LSB: AppArmor initialization...
         Starting Create Volatile Files and Directories...
         Starting Tell Plymouth To Write Out Runtime Data...
[[0;32m  OK  [0m] Started Create Volatile Files and Directories.
[[0;32m  OK  [0m] Started Tell Plymouth To Write Out Runtime Data.
[[0;32m  OK  [0m] Found device /dev/ttyS0.
[[0;32m  OK  [0m] Reached target System Time Synchronized.
         Starting Update UTMP about System Boot/Shutdown...
[[0;32m  OK  [0m] Started Update UTMP about System Boot/Shutdown.
[[0;32m  OK  [0m] Started Set console font and keymap.
[[0;32m  OK  [0m] Started LSB: AppArmor initialization.
[[0;32m  OK  [0m] Listening on Load/Save RF Kill Switch Status /dev/rfkill Watch.
[[0;32m  OK  [0m] Created slice system-getty.slice.
[[0;32m  OK  [0m] Found device 82540EM Gigabit Ethern...r (PRO/1000 MT Desktop Adapter).
[   25.780980] cloud-init[447]: Cloud-init v. 0.7.9 running 'init-local' at Thu, 30 Nov 2017 21:32:08 +0000. Up 25.16 seconds.
[[0;32m  OK  [0m] Started Initial cloud-init job (pre-networking).
[[0;32m  OK  [0m] Reached target Network (Pre).
         Starting Raise network interfaces...
[[0;32m  OK  [0m] Started ifup for enp0s3.
[[0;32m  OK  [0m] Started Raise network interfaces.
[[0;32m  OK  [0m] Reached target Network.
         Starting Initial cloud-init job (metadata service crawler)...
[   28.132746] cloud-init[953]: Cloud-init v. 0.7.9 running 'init' at Thu, 30 Nov 2017 21:32:11 +0000. Up 27.80 seconds.
[[   28.293394] cloud-init[953]: ci-info: +++++++++++++++++++++++++++++++++++++Net device info++++++++++++++++++++++++++++++++++++++
[   28.293855] cloud-init[953]: ci-info: +--------+------+----------------------------+---------------+-------+-------------------+
[   28.293938] cloud-init[953]: ci-info: | Device |  Up  |          Address           |      Mask     | Scope |     Hw-Address    |
[   28.294012] cloud-init[953]: ci-info: +--------+------+----------------------------+---------------+-------+-------------------+
[   28.294085] cloud-init[953]: ci-info: |   lo   | True |         127.0.0.1          |   255.0.0.0   |   .   |         .         |
[   28.294157] cloud-init[953]: ci-info: |   lo   | True |          ::1/128           |       .       |  host |         .         |
[   28.294227] cloud-init[953]: ci-info: | enp0s3 | True |         10.0.2.15          | 255.255.255.0 |   .   | 02:ca:fa:07:bd:7c |
[   28.294306] cloud-init[953]: ci-info: | enp0s3 | True | fe80::ca:faff:fe07:bd7c/64 |       .       |  link | 02:ca:fa:07:bd:7c |
[   28.294382] cloud-init[953]: ci-info: +--------+------+----------------------------+---------------+-------+-------------------+
[   28.294451] cloud-init[953]: ci-info: +++++++++++++++++++++++++++Route IPv4 info++++++++++++++++++++++++++++
[   28.294522] cloud-init[953]: ci-info: +-------+-------------+----------+---------------+-----------+-------+
[   28.294595] cloud-init[953]: ci-info: | Route | Destination | Gateway  |    Genmask    | Interface | Flags |
[   28.294666] cloud-init[953]: ci-info: +-------+-------------+----------+---------------+-----------+-------+
[   28.294738] cloud-init[953]: ci-info: |   0   |   0.0.0.0   | 10.0.2.2 |    0.0.0.0    |   enp0s3  |   UG  |
[   28.294824] cloud-init[953]: ci-info: |   1   |   10.0.2.0  | 0.0.0.0  | 255.255.255.0 |   enp0s3  |   U   |
[   28.294900] cloud-init[953]: ci-info: +-------+-------------+----------+---------------+-----------+-------+
[0;32m  OK  [0m] Started Initial cloud-init job (metadata service crawler).
[[0;32m  OK  [0m] Reached target Cloud-config availability.
[[0;32m  OK  [0m] Reached target Network is Online.
         Starting iSCSI initiator daemon (iscsid)...
[[0;32m  OK  [0m] Reached target System Initialization.
[[0;32m  OK  [0m] Listening on D-Bus System Message Bus Socket.
[[0;32m  OK  [0m] Started Timer to automatically refresh installed snaps.
[[0;32m  OK  [0m] Started ACPI Events Check.
[[0;32m  OK  [0m] Reached target Paths.
[[0;32m  OK  [0m] Started Daily apt download activities.
[[0;32m  OK  [0m] Listening on UUID daemon activation socket.
         Starting Socket activation for snappy daemon.
[[0;32m  OK  [0m] Listening on ACPID Listen Socket.
[[0;32m  OK  [0m] Started Daily apt upgrade and clean activities.
         Starting LXD - unix socket.
[[0;32m  OK  [0m] Started Daily Cleanup of Temporary Directories.
[[0;32m  OK  [0m] Started Timer to automatically fetch and run repair assertions.
[[0;32m  OK  [0m] Reached target Timers.
[[0;32m  OK  [0m] Listening on Socket activation for snappy daemon.
[[0;32m  OK  [0m] Listening on LXD - unix socket.
[[0;32m  OK  [0m] Started iSCSI initiator daemon (iscsid).
         Starting Login to default iSCSI targets...
[[0;32m  OK  [0m] Reached target Sockets.
[[0;32m  OK  [0m] Reached target Basic System.
[[0;32m  OK  [0m] Started Deferred execution scheduler.
[[0;32m  OK  [0m] Started D-Bus System Message Bus.
[[0;32m  OK  [0m] Started FUSE filesystem for LXC.
         Starting LSB: MD monitoring daemon...
         Starting LXD - container startup/shutdown...
         Starting Accounts Service...
[[0;32m  OK  [0m] Started ACPI event daemon.
         Starting /etc/rc.local Compatibility...
         Starting Login Service...
         Starting System Logging Service...
[[0;32m  OK  [0m] Started Unattended Upgrades Shutdown.
         Starting Apply the settings specified in cloud-config...
[[0;32m  OK  [0m] Started Regular background program processing daemon.
         Starting OpenBSD Secure Shell server...
         Starting LSB: Record successful boot for GRUB...
         Starting Snappy daemon...
[[0;32m  OK  [0m] Started System Logging Service.
[[0;32m  OK  [0m] Started OpenBSD Secure Shell server.
[[0;32m  OK  [0m] Started LXD - container startup/shutdown.
[[0;32m  OK  [0m] Started /etc/rc.local Compatibility.
[[0;32m  OK  [0m] Started Login to default iSCSI targets.
[[0;32m  OK  [0m] Started Snappy daemon.
[[0;32m  OK  [0m] Started LSB: MD monitoring daemon.
[[0;32m  OK  [0m] Started LSB: Record successful boot for GRUB.
         Starting Auto import assertions from block devices...
[[0;32m  OK  [0m] Reached target Remote File Systems (Pre).
[[0;32m  OK  [0m] Reached target Remote File Systems.
         Starting Permit User Sessions...
         Starting LSB: No Display Manager...
         Starting LSB: VirtualBox Linux Additions...
         Starting LSB: Set the CPU Frequency Scaling governor to "ondemand"...
         Starting LSB: daemon to balance interrupts for SMP systems...
         Starting LSB: automatic crash report generation...
[[0;32m  OK  [0m] Started Auto import assertions from block devices.
[[0;32m  OK  [0m] Started Permit User Sessions.
[[0;32m  OK  [0m] Started Login Service.
[[0;32m  OK  [0m] Started LSB: No Display Manager.
[   31.889469] cloud-init[1051]: Cloud-init v. 0.7.9 running 'modules:config' at Thu, 30 Nov 2017 21:32:15 +0000. Up 31.65 seconds.
[[0;32m  OK  [0m] Started LSB: Set the CPU Frequency Scaling governor to "ondemand".
[[0;32m  OK  [0m] Started Apply the settings specified in cloud-config.
[[0;32m  OK  [0m] Started LSB: daemon to balance interrupts for SMP systems.
[[0;32m  OK  [0m] Started LSB: VirtualBox Linux Additions.
[[0;32m  OK  [0m] Started LSB: automatic crash report generation.
[[0;32m  OK  [0m] Created slice User Slice of ubuntu.
[[0;32m  OK  [0m] Started Session 1 of user ubuntu.
         Starting User Manager for UID 1000...
         Starting Hold until boot process finishes up...
         Starting Terminate Plymouth Boot Screen...
[[0;32m  OK  [0m] Started User Manager for UID 1000.
[[0;32m  OK  [0m] Started Hold until boot process finishes up.
[[0;32m  OK  [0m] Started Terminate Plymouth Boot Screen.
[[0;32m  OK  [0m] Started Getty on tty1.
[[0;32m  OK  [0m] Started Serial Getty on ttyS0.
[[0;32m  OK  [0m] Reached target Login Prompts.
[[0;32m  OK  [0m] Reached target Multi-User System.
         Starting Execute cloud user/final scripts...
         Starting Set console scheme...
[[0;32m  OK  [0m] Started Set console scheme.
[[0;32m  OK  [0m] Started Session c1 of user ubuntu.
[   33.189060] cloud-init[1211]: Cloud-init v. 0.7.9 running 'modules:final' at Thu, 30 Nov 2017 21:32:16 +0000. Up 32.90 seconds.
[   33.276576] cloud-init[1211]: Cloud-init v. 0.7.9 finished at Thu, 30 Nov 2017 21:32:16 +0000. Datasource DataSourceNoCloud [seed=/dev/sdb][dsmode=net].  Up 33.18 seconds
[[0;32m  OK  [0m] Started Execute cloud user/final scripts.
[[0;32m  OK  [0m] Reached target Cloud-init target.

Ubuntu 16.04.3 LTS ubuntu-xenial ttyS0

ubuntu-xenial login:         n         Stopping LSB: No Display Manager...
         Stopping Unattended Upgrades Shutdown...
         Stopping D-Bus System Message Bus...
         Stopping LSB: MD monitoring daemon...
         Stopping LSB: Record successful boot for GRUB...
         Stopping LSB: daemon to balance interrupts for SMP systems...
[[0;32m  OK  [0m] Stopped target Timers.
[[0;32m  OK  [0m] Stopped Timer to automatically refresh installed snaps.
[[0;32m  OK  [0m] Stopped Timer to automatically fetch and run repair assertions.
[[0;32m  OK  [0m] Stopped Daily apt upgrade and clean activities.
[[0;32m  OK  [0m] Stopped Daily apt download activities.
[[0;32m  OK  [0m] Stopped target System Time Synchronized.
[[0;32m  OK  [0m] Stopped Daily Cleanup of Temporary Directories.
         Stopping LXD - container startup/shutdown...
         Stopping LSB: Set the CPU Frequency Scaling governor to "ondemand"...
         Stopping Getty on tty1...
         Stopping Regular background program processing daemon...
         Stopping System Logging Service...
         Stopping Session 7 of user ubuntu.
[[0;32m  OK  [0m] Unmounted /var/lib/lxcfs.
[[0;32m  OK  [0m] Stopped Deferred execution scheduler.
[[0;32m  OK  [0m] Stopped Accounts Service.
[[0;32m  OK  [0m] Stopped ACPI event daemon.
[[0;32m  OK  [0m] Stopped System Logging Service.
[[0;32m  OK  [0m] Stopped Regular background program processing daemon.
[[0;32m  OK  [0m] Stopped OpenBSD Secure Shell server.
[[0;32m  OK  [0m] Stopped Snappy daemon.
[[0;32m  OK  [0m] Stopped User Manager for UID 1000.
[[0;32m  OK  [0m] Stopped Getty on tty1.
[[0;32m  OK  [0m] Stopped Serial Getty on ttyS0.
[[0;32m  OK  [0m] Stopped Authenticate and Authorize Users to Run Privileged Tasks.
[[0;32m  OK  [0m] Stopped Session 6 of user ubuntu.
[[0;32m  OK  [0m] Stopped Session c1 of user ubuntu.
[[0;32m  OK  [0m] Stopped Unattended Upgrades Shutdown.
[[0;32m  OK  [0m] Stopped D-Bus System Message Bus.
[[0;32m  OK  [0m] Stopped FUSE filesystem for LXC.
[[0;32m  OK  [0m] Stopped LSB: No Display Manager.
[[0;32m  OK  [0m] Stopped LSB: VirtualBox Linux Additions.
[[0;32m  OK  [0m] Stopped LSB: automatic crash report generation.
[[0;32m  OK  [0m] Stopped LSB: MD monitoring daemon.
[[0;32m  OK  [0m] Stopped LSB: Record successful boot for GRUB.
[[0;32m  OK  [0m] Stopped LSB: daemon to balance interrupts for SMP systems.
[[0;32m  OK  [0m] Stopped LXD - container startup/shutdown.
[[0;32m  OK  [0m] Stopped LSB: Set the CPU Frequency Scaling governor to "ondemand".
[[0;32m  OK  [0m] Removed slice system-serial\x2dgetty.slice.
[[0;32m  OK  [0m] Stopped /etc/rc.local Compatibility.
[[0;32m  OK  [0m] Removed slice system-getty.slice.
[[0;32m  OK  [0m] Stopped Session 7 of user ubuntu.
[[0;32m  OK  [0m] Removed slice User Slice of ubuntu.
         Stopping Login Service...
         Stopping Permit User Sessions...
[[0;32m  OK  [0m] Stopped Login Service.
[[0;32m  OK  [0m] Stopped Permit User Sessions.
[[0;32m  OK  [0m] Stopped target Remote File Systems.
[[0;32m  OK  [0m] Stopped target Remote File Systems (Pre).
         Stopping Login to default iSCSI targets...
[[0;32m  OK  [0m] Stopped target Basic System.
[[0;32m  OK  [0m] Stopped target Paths.
[[0;32m  OK  [0m] Stopped ACPI Events Check.
[[0;32m  OK  [0m] Stopped Dispatch Password Requests to Console Directory Watch.
[[0;32m  OK  [0m] Stopped Forward Password Requests to Wall Directory Watch.
[[0;32m  OK  [0m] Stopped target Sockets.
[[0;32m  OK  [0m] Closed ACPID Listen Socket.
[[0;32m  OK  [0m] Closed UUID daemon activation socket.
[[0;32m  OK  [0m] Closed Syslog Socket.
[[0;32m  OK  [0m] Closed Socket activation for snappy daemon.
[[0;32m  OK  [0m] Closed LXD - unix socket.
[[0;32m  OK  [0m] Stopped target Slices.
[[0;32m  OK  [0m] Stopped target User and Group Name Lookups.
[[0;32m  OK  [0m] Removed slice User and Session Slice.
[[0;32m  OK  [0m] Closed D-Bus System Message Bus Socket.
[[0;32m  OK  [0m] Stopped target System Initialization.
         Stopping Load/Save Random Seed...
[[0;32m  OK  [0m] Stopped target Swap.
[[0;32m  OK  [0m] Stopped target Encrypted Volumes.
         Stopping Update UTMP about System Boot/Shutdown...
[[0;32m  OK  [0m] Stopped Load/Save Random Seed.
[[0;32m  OK  [0m] Stopped Login to default iSCSI targets.
[[0;32m  OK  [0m] Stopped Update UTMP about System Boot/Shutdown.
[[0;32m  OK  [0m] Stopped Create Volatile Files and Directories.
         Stopping iSCSI initiator daemon (iscsid)...
[[0;32m  OK  [0m] Stopped iSCSI initiator daemon (iscsid).
[[0;32m  OK  [0m] Stopped target Network is Online.
[[0;32m  OK  [0m] Stopped target Network.
[[0;32m  OK  [0m] Stopped Initial cloud-init job (metadata service crawler).
         Stopping Raise network interfaces...
[[0;32m  OK  [0m] Stopped Raise network interfaces.
[[0;32m  OK  [0m] Stopped target Local File Systems.
         Unmounting /vagrant...
         Unmounting /run/user/1000...
[[0;32m  OK  [0m] Stopped target Network (Pre).
[[0;32m  OK  [0m] Stopped Initial cloud-init job (pre-networking).
[[0;32m  OK  [0m] Stopped Apply Kernel Variables.
[[0;32m  OK  [0m] Stopped Load Kernel Modules.
[[0;32m  OK  [0m] Unmounted /vagrant.
[[0;32m  OK  [0m] Unmounted /run/user/1000.
[[0;32m  OK  [0m] Reached target Unmount All Filesystems.
[[0;32m  OK  [0m] Stopped target Local File Systems (Pre).
         Stopping Monitoring of LVM2 mirrors... dmeventd or progress polling...
[[0;32m  OK  [0m] Stopped Create Static Device Nodes in /dev.
[[0;32m  OK  [0m] Stopped Remount Root and Kernel File Systems.
[[0;32m  OK  [0m] Reached target Shutdown.
[11787.187584] reboot: Power down
